<?xml version="1.0" encoding="UTF-8"?>
<!-- Generated by org.testng.reporters.JUnitReportReporter -->
<testsuite hostname="Dell-Laptop-3rd-Floor-room2" failures="0" tests="4" name="com.actitime.testscript.TaskModule" time="1.213" errors="1" timestamp="2023-07-23T10:38:47 IST" skipped="3">
  <testcase classname="com.actitime.testscript.TaskModule" name="deleteTask" time="0.000">
    <skipped/>
  </testcase> <!-- deleteTask -->
  <testcase classname="com.actitime.testscript.TaskModule" name="createTask" time="0.000">
    <skipped/>
  </testcase> <!-- createTask -->
  <testcase classname="com.actitime.testscript.TaskModule" name="openBrowser" time="1.213">
    <error message="session not created: This version of ChromeDriver only supports Chrome version 113
Current browser version is 115.0.5790.102 with binary path C:\Program Files (x86)\Google\Chrome\Application\chrome.exe
Build info: version: &#039;3.141.59&#039;, revision: &#039;e82be7d358&#039;, time: &#039;2018-11-14T08:25:53&#039;
System info: host: &#039;DELL-LAPTOP-3RD&#039;, ip: &#039;192.168.20.1&#039;, os.name: &#039;Windows 10&#039;, os.arch: &#039;amd64&#039;, os.version: &#039;10.0&#039;, java.version: &#039;17&#039;
Driver info: driver.version: ChromeDriver
remote stacktrace: Backtrace:
	GetHandleVerifier [0x004B8893+48451]
	(No symbol) [0x0044B8A1]
	(No symbol) [0x00355058]
	(No symbol) [0x00375D9C]
	(No symbol) [0x00371AA3]
	(No symbol) [0x00370019]
	(No symbol) [0x003A0798]
	(No symbol) [0x003A047C]
	(No symbol) [0x0039A0B6]
	(No symbol) [0x00377E08]
	(No symbol) [0x00378F2D]
	GetHandleVerifier [0x00718E3A+2540266]
	GetHandleVerifier [0x00758959+2801161]
	GetHandleVerifier [0x0075295C+2776588]
	GetHandleVerifier [0x00542280+612144]
	(No symbol) [0x00454F6C]
	(No symbol) [0x004511D8]
	(No symbol) [0x004512BB]
	(No symbol) [0x00444857]
	BaseThreadInitThunk [0x75DA00C9+25]
	RtlGetAppContainerNamedObjectPath [0x77707B1E+286]
	RtlGetAppContainerNamedObjectPath [0x77707AEE+238]
" type="org.openqa.selenium.SessionNotCreatedException">
      <![CDATA[org.openqa.selenium.SessionNotCreatedException: session not created: This version of ChromeDriver only supports Chrome version 113
Current browser version is 115.0.5790.102 with binary path C:\Program Files (x86)\Google\Chrome\Application\chrome.exe
Build info: version: '3.141.59', revision: 'e82be7d358', time: '2018-11-14T08:25:53'
System info: host: 'DELL-LAPTOP-3RD', ip: '192.168.20.1', os.name: 'Windows 10', os.arch: 'amd64', os.version: '10.0', java.version: '17'
Driver info: driver.version: ChromeDriver
remote stacktrace: Backtrace:
GetHandleVerifier [0x004B8893+48451]
(No symbol) [0x0044B8A1]
(No symbol) [0x00355058]
(No symbol) [0x00375D9C]
(No symbol) [0x00371AA3]
(No symbol) [0x00370019]
(No symbol) [0x003A0798]
(No symbol) [0x003A047C]
(No symbol) [0x0039A0B6]
(No symbol) [0x00377E08]
(No symbol) [0x00378F2D]
GetHandleVerifier [0x00718E3A+2540266]
GetHandleVerifier [0x00758959+2801161]
GetHandleVerifier [0x0075295C+2776588]
GetHandleVerifier [0x00542280+612144]
(No symbol) [0x00454F6C]
(No symbol) [0x004511D8]
(No symbol) [0x004512BB]
(No symbol) [0x00444857]
BaseThreadInitThunk [0x75DA00C9+25]
RtlGetAppContainerNamedObjectPath [0x77707B1E+286]
RtlGetAppContainerNamedObjectPath [0x77707AEE+238]

at java.base/jdk.internal.reflect.NativeConstructorAccessorImpl.newInstance0(Native Method)
at java.base/jdk.internal.reflect.NativeConstructorAccessorImpl.newInstance(NativeConstructorAccessorImpl.java:77)
at java.base/jdk.internal.reflect.DelegatingConstructorAccessorImpl.newInstance(DelegatingConstructorAccessorImpl.java:45)
at java.base/java.lang.reflect.Constructor.newInstanceWithCaller(Constructor.java:499)
at java.base/java.lang.reflect.Constructor.newInstance(Constructor.java:480)
at org.openqa.selenium.remote.W3CHandshakeResponse.lambda$errorHandler$0(W3CHandshakeResponse.java:62)
at org.openqa.selenium.remote.HandshakeResponse.lambda$getResponseFunction$0(HandshakeResponse.java:30)
at org.openqa.selenium.remote.ProtocolHandshake.lambda$createSession$0(ProtocolHandshake.java:126)
at java.base/java.util.stream.ReferencePipeline$3$1.accept(ReferencePipeline.java:197)
at java.base/java.util.Spliterators$ArraySpliterator.tryAdvance(Spliterators.java:1002)
at java.base/java.util.stream.ReferencePipeline.forEachWithCancel(ReferencePipeline.java:129)
at java.base/java.util.stream.AbstractPipeline.copyIntoWithCancel(AbstractPipeline.java:527)
at java.base/java.util.stream.AbstractPipeline.copyInto(AbstractPipeline.java:513)
at java.base/java.util.stream.AbstractPipeline.wrapAndCopyInto(AbstractPipeline.java:499)
at java.base/java.util.stream.FindOps$FindOp.evaluateSequential(FindOps.java:150)
at java.base/java.util.stream.AbstractPipeline.evaluate(AbstractPipeline.java:234)
at java.base/java.util.stream.ReferencePipeline.findFirst(ReferencePipeline.java:647)
at org.openqa.selenium.remote.ProtocolHandshake.createSession(ProtocolHandshake.java:128)
at org.openqa.selenium.remote.ProtocolHandshake.createSession(ProtocolHandshake.java:74)
at org.openqa.selenium.remote.HttpCommandExecutor.execute(HttpCommandExecutor.java:136)
at org.openqa.selenium.remote.service.DriverCommandExecutor.execute(DriverCommandExecutor.java:83)
at org.openqa.selenium.remote.RemoteWebDriver.execute(RemoteWebDriver.java:552)
at org.openqa.selenium.remote.RemoteWebDriver.startSession(RemoteWebDriver.java:213)
at org.openqa.selenium.remote.RemoteWebDriver.<init>(RemoteWebDriver.java:131)
at org.openqa.selenium.chrome.ChromeDriver.<init>(ChromeDriver.java:181)
at org.openqa.selenium.chrome.ChromeDriver.<init>(ChromeDriver.java:168)
at org.openqa.selenium.chrome.ChromeDriver.<init>(ChromeDriver.java:123)
at com.actitime.generic.BaseClass.openBrowser(BaseClass.java:23)
at java.base/jdk.internal.reflect.NativeMethodAccessorImpl.invoke0(Native Method)
at java.base/jdk.internal.reflect.NativeMethodAccessorImpl.invoke(NativeMethodAccessorImpl.java:77)
at java.base/jdk.internal.reflect.DelegatingMethodAccessorImpl.invoke(DelegatingMethodAccessorImpl.java:43)
at java.base/java.lang.reflect.Method.invoke(Method.java:568)
at org.testng.internal.invokers.MethodInvocationHelper.invokeMethod(MethodInvocationHelper.java:139)
at org.testng.internal.invokers.MethodInvocationHelper.invokeMethodConsideringTimeout(MethodInvocationHelper.java:69)
at org.testng.internal.invokers.ConfigInvoker.invokeConfigurationMethod(ConfigInvoker.java:390)
at org.testng.internal.invokers.ConfigInvoker.invokeConfigurations(ConfigInvoker.java:325)
at org.testng.internal.invokers.TestMethodWorker.invokeBeforeClassMethods(TestMethodWorker.java:180)
at org.testng.internal.invokers.TestMethodWorker.run(TestMethodWorker.java:122)
at java.base/java.util.ArrayList.forEach(ArrayList.java:1511)
at org.testng.TestRunner.privateRun(TestRunner.java:848)
at org.testng.TestRunner.run(TestRunner.java:621)
at org.testng.SuiteRunner.runTest(SuiteRunner.java:443)
at org.testng.SuiteRunner.runSequentially(SuiteRunner.java:437)
at org.testng.SuiteRunner.privateRun(SuiteRunner.java:397)
at org.testng.SuiteRunner.run(SuiteRunner.java:336)
at org.testng.SuiteRunnerWorker.runSuite(SuiteRunnerWorker.java:52)
at org.testng.SuiteRunnerWorker.run(SuiteRunnerWorker.java:95)
at org.testng.TestNG.runSuitesSequentially(TestNG.java:1280)
at org.testng.TestNG.runSuitesLocally(TestNG.java:1200)
at org.testng.TestNG.runSuites(TestNG.java:1114)
at org.testng.TestNG.run(TestNG.java:1082)
at org.testng.remote.AbstractRemoteTestNG.run(AbstractRemoteTestNG.java:115)
at org.testng.remote.RemoteTestNG.initAndRun(RemoteTestNG.java:251)
at org.testng.remote.RemoteTestNG.main(RemoteTestNG.java:77)
]]>
    </error>
  </testcase> <!-- openBrowser -->
  <testcase classname="com.actitime.testscript.TaskModule" name="modifyTask" time="0.000">
    <skipped/>
  </testcase> <!-- modifyTask -->
</testsuite> <!-- com.actitime.testscript.TaskModule -->
