<?xml version="1.0" encoding="UTF-8"?>
<!-- Generated by org.testng.reporters.JUnitReportReporter -->
<testsuite hostname="Dell-Laptop-3rd-Floor-room2" failures="1" tests="7" name="com.actitime.testscript.KGF" time="0.042" errors="0" timestamp="2023-07-09T12:40:47 IST" skipped="2">
  <testcase classname="com.actitime.testscript.KGF" name="reena" time="0.012">
    <system-out>
      <![CDATA[reena]]>
    </system-out>
  </testcase> <!-- reena -->
  <testcase classname="com.actitime.testscript.KGF" name="garuda" time="0.004">
    <failure message="null" type="java.lang.AssertionError">
      <![CDATA[java.lang.AssertionError: null
at org.testng.Assert.fail(Assert.java:111)
at org.testng.Assert.fail(Assert.java:116)
at com.actitime.testscript.KGF.garuda(KGF.java:13)
at java.base/jdk.internal.reflect.NativeMethodAccessorImpl.invoke0(Native Method)
at java.base/jdk.internal.reflect.NativeMethodAccessorImpl.invoke(NativeMethodAccessorImpl.java:77)
at java.base/jdk.internal.reflect.DelegatingMethodAccessorImpl.invoke(DelegatingMethodAccessorImpl.java:43)
at java.base/java.lang.reflect.Method.invoke(Method.java:568)
at org.testng.internal.invokers.MethodInvocationHelper.invokeMethod(MethodInvocationHelper.java:139)
at org.testng.internal.invokers.TestInvoker.invokeMethod(TestInvoker.java:664)
at org.testng.internal.invokers.TestInvoker.invokeTestMethod(TestInvoker.java:227)
at org.testng.internal.invokers.MethodRunner.runInSequence(MethodRunner.java:50)
at org.testng.internal.invokers.TestInvoker$MethodInvocationAgent.invoke(TestInvoker.java:957)
at org.testng.internal.invokers.TestInvoker.invokeTestMethods(TestInvoker.java:200)
at org.testng.internal.invokers.TestMethodWorker.invokeTestMethods(TestMethodWorker.java:148)
at org.testng.internal.invokers.TestMethodWorker.run(TestMethodWorker.java:128)
at java.base/java.util.ArrayList.forEach(ArrayList.java:1511)
at org.testng.TestRunner.privateRun(TestRunner.java:848)
at org.testng.TestRunner.run(TestRunner.java:621)
at org.testng.SuiteRunner.runTest(SuiteRunner.java:443)
at org.testng.SuiteRunner.runSequentially(SuiteRunner.java:437)
at org.testng.SuiteRunner.privateRun(SuiteRunner.java:397)
at org.testng.SuiteRunner.run(SuiteRunner.java:336)
at org.testng.SuiteRunnerWorker.runSuite(SuiteRunnerWorker.java:52)
at org.testng.SuiteRunnerWorker.run(SuiteRunnerWorker.java:95)
at org.testng.TestNG.runSuitesSequentially(TestNG.java:1280)
at org.testng.TestNG.runSuitesLocally(TestNG.java:1200)
at org.testng.TestNG.runSuites(TestNG.java:1114)
at org.testng.TestNG.run(TestNG.java:1082)
at org.testng.remote.AbstractRemoteTestNG.run(AbstractRemoteTestNG.java:115)
at org.testng.remote.RemoteTestNG.initAndRun(RemoteTestNG.java:251)
at org.testng.remote.RemoteTestNG.main(RemoteTestNG.java:77)
]]>
    </failure>
  </testcase> <!-- garuda -->
  <testcase classname="com.actitime.testscript.KGF" name="vaanaram" time="0.001">
    <skipped/>
  </testcase> <!-- vaanaram -->
  <testcase classname="com.actitime.testscript.KGF" name="virat" time="0.007">
    <system-out>
      <![CDATA[virat]]>
    </system-out>
  </testcase> <!-- virat -->
  <testcase classname="com.actitime.testscript.KGF" name="adheera" time="0.004">
    <system-out>
      <![CDATA[adheera]]>
    </system-out>
  </testcase> <!-- adheera -->
  <testcase classname="com.actitime.testscript.KGF" name="ramikaSen" time="0.014">
    <system-out>
      <![CDATA[ramikaSen]]>
    </system-out>
  </testcase> <!-- ramikaSen -->
  <testcase classname="com.actitime.testscript.KGF" name="rocky">
    <skipped/>
  </testcase> <!-- rocky -->
  <system-out>
    <![CDATA[reena
virat
adheera
ramikaSen]]>
  </system-out>
</testsuite> <!-- com.actitime.testscript.KGF -->
